<?xml version="1.0" encoding="UTF-8"?>
<!-- Generated by org.testng.reporters.JUnitReportReporter -->
<testsuite hostname="Alpha-7VTW322" failures="0" tests="2" name="Java_Selenium.HomePage" time="25.313" errors="0" timestamp="16 Dec 2020 22:19:22 GMT">
  <testcase classname="Java_Selenium.HomePage" name="basePageNavegation" time="4.321"/>
  <testcase classname="Java_Selenium.HomePage" name="basePageNavegation" time="20.992"/>
</testsuite> <!-- Java_Selenium.HomePage -->
