<?xml version="1.0" encoding="UTF-8"?>
<!-- Generated by org.testng.reporters.JUnitReportReporter -->
<testsuite hostname="Alpha-7VTW322" failures="0" tests="1" name="Java_Selenium.validateNavigationBar" time="0.614" errors="0" timestamp="16 Dec 2020 22:19:22 GMT">
  <testcase classname="Java_Selenium.validateNavigationBar" name="basePageNavegation" time="0.614"/>
</testsuite> <!-- Java_Selenium.validateNavigationBar -->
